<?xml version="1.0" encoding="UTF-8"?>
<!-- Generated by org.testng.reporters.JUnitReportReporter -->
<testsuite skipped="0" hostname="Bipin-HP" name="org.testcases.pack.CreateLead" tests="4" failures="0" timestamp="27 Aug 2018 16:43:54 GMT" time="71.947" errors="0">
  <testcase name="createLead" time="19.091" classname="org.testcases.pack.CreateLead"/>
  <testcase name="createLead" time="17.919" classname="org.testcases.pack.CreateLead"/>
  <testcase name="createLead" time="16.653" classname="org.testcases.pack.CreateLead"/>
  <testcase name="createLead" time="18.284" classname="org.testcases.pack.CreateLead"/>
</testsuite> <!-- org.testcases.pack.CreateLead -->
