<?xml version="1.0" encoding="UTF-8"?>
<!-- Generated by org.testng.reporters.JUnitReportReporter -->
<testsuite skipped="0" hostname="Bipin-HP" name="org.testcases.pack.TestCase1" tests="1" failures="0" timestamp="27 Aug 2018 16:14:14 GMT" time="16.593" errors="0">
  <testcase name="createLead" time="16.593" classname="org.testcases.pack.TestCase1"/>
</testsuite> <!-- org.testcases.pack.TestCase1 -->
