<?xml version="1.0" encoding="UTF-8"?>
<!-- Generated by org.testng.reporters.JUnitReportReporter -->
<testsuite skipped="0" hostname="Bipin-HP" name="org.testcases.pack.ZoomCar" tests="1" failures="0" timestamp="25 Aug 2018 11:44:13 GMT" time="16.306" errors="0">
  <testcase name="zoomCar" time="16.306" classname="org.testcases.pack.ZoomCar"/>
</testsuite> <!-- org.testcases.pack.ZoomCar -->
